  Font.cpp
D:\Projects\C++\VSProjects\OGLEngine\src\OGLEngine\OGLEngine.h(4,1): warning C4005: 'OGLENGINE_STATIC': macro redefinition
D:\Projects\C++\VSProjects\OGLEngine\src\OGLEngine\OGLEngine.h(4,1): message : 'OGLENGINE_STATIC' previously declared on the command line
  Texture.cpp
D:\Projects\C++\VSProjects\OGLEngine\src\OGLEngine\OGLEngine.h(4,1): warning C4005: 'OGLENGINE_STATIC': macro redefinition
D:\Projects\C++\VSProjects\OGLEngine\src\OGLEngine\OGLEngine.h(4,1): message : 'OGLENGINE_STATIC' previously declared on the command line
  Input.cpp
D:\Projects\C++\VSProjects\OGLEngine\src\OGLEngine\OGLEngine.h(4,1): warning C4005: 'OGLENGINE_STATIC': macro redefinition
D:\Projects\C++\VSProjects\OGLEngine\src\OGLEngine\OGLEngine.h(4,1): message : 'OGLENGINE_STATIC' previously declared on the command line
D:\Projects\C++\VSProjects\OGLEngine\Src\OGLEngine\Input\Input.cpp(17,20): warning C4018: '<': signed/unsigned mismatch
  UIRenderer.cpp
D:\Projects\C++\VSProjects\OGLEngine\src\OGLEngine\OGLEngine.h(4,1): warning C4005: 'OGLENGINE_STATIC': macro redefinition
D:\Projects\C++\VSProjects\OGLEngine\src\OGLEngine\OGLEngine.h(4,1): message : 'OGLENGINE_STATIC' previously declared on the command line
D:\Projects\C++\VSProjects\OGLEngine\Src\OGLEngine\Display\Rendering\UIRenderer.cpp(96,20): warning C4018: '<': signed/unsigned mismatch
D:\Projects\C++\VSProjects\OGLEngine\Src\OGLEngine\Display\Rendering\UIRenderer.cpp(148,20): warning C4018: '<': signed/unsigned mismatch
  LibraryManager.cpp
D:\Projects\C++\VSProjects\OGLEngine\Src\OGLEngine\OGLEngine.h(4,1): warning C4005: 'OGLENGINE_STATIC': macro redefinition
D:\Projects\C++\VSProjects\OGLEngine\Src\OGLEngine\OGLEngine.h(4,1): message : 'OGLENGINE_STATIC' previously declared on the command line
  dllmain.cpp
  Display.cpp
D:\Projects\C++\VSProjects\OGLEngine\src\OGLENGINE\OGLEngine.h(4,1): warning C4005: 'OGLENGINE_STATIC': macro redefinition
D:\Projects\C++\VSProjects\OGLEngine\src\OGLENGINE\OGLEngine.h(4,1): message : 'OGLENGINE_STATIC' previously declared on the command line
  UITexturedMesh.cpp
D:\Projects\C++\VSProjects\OGLEngine\src\OGLEngine\OGLEngine.h(4,1): warning C4005: 'OGLENGINE_STATIC': macro redefinition
D:\Projects\C++\VSProjects\OGLEngine\src\OGLEngine\OGLEngine.h(4,1): message : 'OGLENGINE_STATIC' previously declared on the command line
  Shader.cpp
D:\Projects\C++\VSProjects\OGLEngine\src\OGLEngine\OGLEngine.h(4,1): warning C4005: 'OGLENGINE_STATIC': macro redefinition
D:\Projects\C++\VSProjects\OGLEngine\src\OGLEngine\OGLEngine.h(4,1): message : 'OGLENGINE_STATIC' previously declared on the command line
  OGLEngine.cpp
D:\Projects\C++\VSProjects\OGLEngine\Src\OGLEngine\OGLEngine.h(4,1): warning C4005: 'OGLENGINE_STATIC': macro redefinition
D:\Projects\C++\VSProjects\OGLEngine\Src\OGLEngine\OGLEngine.h(4,1): message : 'OGLENGINE_STATIC' previously declared on the command line
  Time.cpp
D:\Projects\C++\VSProjects\OGLEngine\src\OGLEngine\OGLEngine.h(4,1): warning C4005: 'OGLENGINE_STATIC': macro redefinition
D:\Projects\C++\VSProjects\OGLEngine\src\OGLEngine\OGLEngine.h(4,1): message : 'OGLENGINE_STATIC' previously declared on the command line
  UI.cpp
D:\Projects\C++\VSProjects\OGLEngine\src\OGLEngine\OGLEngine.h(4,1): warning C4005: 'OGLENGINE_STATIC': macro redefinition
D:\Projects\C++\VSProjects\OGLEngine\src\OGLEngine\OGLEngine.h(4,1): message : 'OGLENGINE_STATIC' previously declared on the command line
  Frame.cpp
D:\Projects\C++\VSProjects\OGLEngine\src\OGLEngine\OGLEngine.h(4,1): warning C4005: 'OGLENGINE_STATIC': macro redefinition
D:\Projects\C++\VSProjects\OGLEngine\src\OGLEngine\OGLEngine.h(4,1): message : 'OGLENGINE_STATIC' previously declared on the command line
  pch.cpp
  TextLabel.cpp
D:\Projects\C++\VSProjects\OGLEngine\src\OGLEngine\OGLEngine.h(4,1): warning C4005: 'OGLENGINE_STATIC': macro redefinition
D:\Projects\C++\VSProjects\OGLEngine\src\OGLEngine\OGLEngine.h(4,1): message : 'OGLENGINE_STATIC' previously declared on the command line
  Generating Code...
freetype.lib(freetype.dll) : warning LNK4006: __NULL_IMPORT_DESCRIPTOR already defined in opengl32.lib(OPENGL32.dll); second definition ignored
  OGLEngine.vcxproj -> D:\Projects\C++\VSProjects\Libraries\OGLEngine\Debug\Win32\OGLEngine.lib
