d:\projects\c++\projects\libraries\oglengine\debug\win32\oglengine.pdb
d:\projects\c++\projects\libraries\oglengine\debug\win32\oglengine.idb
d:\projects\c++\projects\int\oglengine\debug\win32\pch.obj
d:\projects\c++\projects\int\oglengine\debug\win32\frame.obj
d:\projects\c++\projects\int\oglengine\debug\win32\ui.obj
d:\projects\c++\projects\int\oglengine\debug\win32\oglengine.obj
d:\projects\c++\projects\int\oglengine\debug\win32\uirenderer.obj
d:\projects\c++\projects\int\oglengine\debug\win32\uitexturedmesh.obj
d:\projects\c++\projects\int\oglengine\debug\win32\display.obj
d:\projects\c++\projects\int\oglengine\debug\win32\dllmain.obj
d:\projects\c++\projects\int\oglengine\debug\win32\librarymanager.obj
d:\projects\c++\projects\int\oglengine\debug\win32\input.obj
d:\projects\c++\projects\int\oglengine\debug\win32\shader.obj
d:\projects\c++\projects\int\oglengine\debug\win32\textlabel.obj
d:\projects\c++\projects\int\oglengine\debug\win32\font.obj
d:\projects\c++\projects\libraries\oglengine\debug\win32\oglengine.lib
c:\projects\vsprojects\int\oglengine\debug\win32\display.obj
c:\projects\vsprojects\int\oglengine\debug\win32\dllmain.obj
c:\projects\vsprojects\int\oglengine\debug\win32\font.obj
c:\projects\vsprojects\int\oglengine\debug\win32\frame.obj
c:\projects\vsprojects\int\oglengine\debug\win32\input.obj
c:\projects\vsprojects\int\oglengine\debug\win32\librarymanager.obj
c:\projects\vsprojects\int\oglengine\debug\win32\oglengine.obj
c:\projects\vsprojects\int\oglengine\debug\win32\pch.obj
c:\projects\vsprojects\int\oglengine\debug\win32\shader.obj
c:\projects\vsprojects\int\oglengine\debug\win32\textlabel.obj
c:\projects\vsprojects\int\oglengine\debug\win32\ui.obj
c:\projects\vsprojects\int\oglengine\debug\win32\uirenderer.obj
c:\projects\vsprojects\int\oglengine\debug\win32\uitexturedmesh.obj
c:\projects\vsprojects\\libraries\oglengine\debug\win32\oglengine.pdb
c:\projects\vsprojects\libraries\oglengine\debug\win32\oglengine.lib
c:\projects\vsprojects\\int\oglengine\debug\win32\oglengine.vcxproj.filelistabsolute.txt
c:\projects\vsprojects\int\oglengine\debug\win32\oglengine.tlog\cl.command.1.tlog
c:\projects\vsprojects\int\oglengine\debug\win32\oglengine.tlog\cl.items.tlog
c:\projects\vsprojects\int\oglengine\debug\win32\oglengine.tlog\cl.read.1.tlog
c:\projects\vsprojects\int\oglengine\debug\win32\oglengine.tlog\cl.write.1.tlog
c:\projects\vsprojects\int\oglengine\debug\win32\oglengine.tlog\lib-link.read.1.tlog
c:\projects\vsprojects\int\oglengine\debug\win32\oglengine.tlog\lib-link.write.1.tlog
c:\projects\vsprojects\int\oglengine\debug\win32\oglengine.tlog\lib.command.1.tlog
