d:\projects\c++\vsprojects\int\networking\debug\win32\networking.pch
d:\projects\c++\vsprojects\int\networking\debug\win32\vc143.pdb
d:\projects\c++\vsprojects\int\networking\debug\win32\vc143.idb
d:\projects\c++\vsprojects\int\networking\debug\win32\pch.obj
d:\projects\c++\vsprojects\int\networking\debug\win32\packet.obj
d:\projects\c++\vsprojects\int\networking\debug\win32\tcpserver.obj
d:\projects\c++\vsprojects\int\networking\debug\win32\tcpclient.obj
d:\projects\c++\vsprojects\int\networking\debug\win32\dllmain.obj
d:\projects\c++\vsprojects\libraries\networking\debug\win32\networking.lib
d:\projects\c++\vsprojects\libraries\networking\debug\win32\networking.exp
d:\projects\c++\vsprojects\int\networking\debug\win32\networking.ilk
d:\projects\c++\vsprojects\libraries\networking\debug\win32\networking.dll
d:\projects\c++\vsprojects\libraries\networking\debug\win32\networking.pdb
d:\projects\c++\vsprojects\\libraries\networking\debug\win32\networking.pdb
d:\projects\c++\vsprojects\\int\networking\debug\win32\networking.vcxproj.filelistabsolute.txt
d:\projects\c++\vsprojects\int\networking\debug\win32\networking.tlog\cl.command.1.tlog
d:\projects\c++\vsprojects\int\networking\debug\win32\networking.tlog\cl.items.tlog
d:\projects\c++\vsprojects\int\networking\debug\win32\networking.tlog\cl.read.1.tlog
d:\projects\c++\vsprojects\int\networking\debug\win32\networking.tlog\cl.write.1.tlog
d:\projects\c++\vsprojects\int\networking\debug\win32\networking.tlog\link.command.1.tlog
d:\projects\c++\vsprojects\int\networking\debug\win32\networking.tlog\link.read.1.tlog
d:\projects\c++\vsprojects\int\networking\debug\win32\networking.tlog\link.write.1.tlog
d:\projects\c++\vsprojects\int\networking\debug\win32\networking.tlog\link.write.2u.tlog
