d:\vsprojects\int\voxelgame-client\debug\win32\vc143.pdb
d:\vsprojects\int\voxelgame-client\debug\win32\vc143.idb
d:\vsprojects\int\voxelgame-client\debug\win32\main.obj
d:\vsprojects\build\voxelgame-client\debug\win32\voxelgame-client.exe
d:\vsprojects\build\voxelgame-client\debug\win32\voxelgame-client.pdb
d:\vsprojects\int\voxelgame-client\debug\win32\voxelgame-client.ilk
f:\vsprojects\int\voxelgame-client\debug\win32\main.obj
f:\vsprojects\int\voxelgame-client\debug\win32\voxelgame-client.ilk
f:\vsprojects\int\voxelgame-client\debug\win32\vc143.idb
f:\vsprojects\int\voxelgame-client\debug\win32\vc143.pdb
f:\vsprojects\\build\voxelgame-client\debug\win32\voxelgame-client.pdb
f:\vsprojects\build\voxelgame-client\debug\win32\voxelgame-client.exe
f:\vsprojects\\int\voxelgame-client\debug\win32\voxelgame-client.vcxproj.filelistabsolute.txt
f:\vsprojects\int\voxelgame-client\debug\win32\voxelgame-client.tlog\cl.read.1.tlog
f:\vsprojects\int\voxelgame-client\debug\win32\voxelgame-client.tlog\cl.write.1.tlog
f:\vsprojects\int\voxelgame-client\debug\win32\voxelgame-client.tlog\cl.command.1.tlog
f:\vsprojects\int\voxelgame-client\debug\win32\voxelgame-client.tlog\link.command.1.tlog
f:\vsprojects\int\voxelgame-client\debug\win32\voxelgame-client.tlog\cl.items.tlog
f:\vsprojects\int\voxelgame-client\debug\win32\voxelgame-client.tlog\link.read.1.tlog
f:\vsprojects\int\voxelgame-client\debug\win32\voxelgame-client.tlog\link.write.1.tlog
f:\vsprojects\int\voxelgame-client\debug\win32\voxelgame-client.tlog\link.secondary.1.tlog
